<?xml version="1.0" encoding="UTF-8"?>
<!-- Generated by org.testng.reporters.JUnitReportReporter -->
<testsuite hostname="DXK" name="tse.testCases.TestMailLoginTestCase" tests="1" failures="1" timestamp="7 May 2015 01:21:32 GMT" time="13.283" errors="0">
  <testcase name="testMailLogin" time="13.283" classname="tse.testCases.TestMailLoginTestCase">
    <failure type="java.util.regex.PatternSyntaxException" message="Dangling meta character &#039;*&#039; near index 0
*$
^">
      <![CDATA[java.util.regex.PatternSyntaxException: Dangling meta character '*' near index 0
*$
^
	at java.util.regex.Pattern.error(Unknown Source)
	at java.util.regex.Pattern.sequence(Unknown Source)
	at java.util.regex.Pattern.expr(Unknown Source)
	at java.util.regex.Pattern.compile(Unknown Source)
	at java.util.regex.Pattern.<init>(Unknown Source)
	at java.util.regex.Pattern.compile(Unknown Source)
	at java.util.regex.Pattern.matches(Unknown Source)
	at java.lang.String.matches(Unknown Source)
	at tse.tasks.TestMailTasks.verifyInboxTitle(TestMailTasks.java:140)
	at tse.testCases.TestMailLoginTestCase.testMailLogin(TestMailLoginTestCase.java:53)
	at sun.reflect.NativeMethodAccessorImpl.invoke0(Native Method)
	at sun.reflect.NativeMethodAccessorImpl.invoke(Unknown Source)
	at sun.reflect.DelegatingMethodAccessorImpl.invoke(Unknown Source)
	at java.lang.reflect.Method.invoke(Unknown Source)
	at org.testng.internal.MethodInvocationHelper.invokeMethod(MethodInvocationHelper.java:84)
	at org.testng.internal.Invoker.invokeMethod(Invoker.java:714)
	at org.testng.internal.Invoker.invokeTestMethod(Invoker.java:901)
	at org.testng.internal.Invoker.invokeTestMethods(Invoker.java:1231)
	at org.testng.internal.TestMethodWorker.invokeTestMethods(TestMethodWorker.java:127)
	at org.testng.internal.TestMethodWorker.run(TestMethodWorker.java:111)
	at org.testng.TestRunner.privateRun(TestRunner.java:767)
	at org.testng.TestRunner.run(TestRunner.java:617)
	at org.testng.SuiteRunner.runTest(SuiteRunner.java:334)
	at org.testng.SuiteRunner.runSequentially(SuiteRunner.java:329)
	at org.testng.SuiteRunner.privateRun(SuiteRunner.java:291)
	at org.testng.SuiteRunner.run(SuiteRunner.java:240)
	at org.testng.SuiteRunnerWorker.runSuite(SuiteRunnerWorker.java:52)
	at org.testng.SuiteRunnerWorker.run(SuiteRunnerWorker.java:86)
	at org.testng.TestNG.runSuitesSequentially(TestNG.java:1224)
	at org.testng.TestNG.runSuitesLocally(TestNG.java:1149)
	at org.testng.TestNG.run(TestNG.java:1057)
	at tse.testCases.SearchEngineSuite.main(SearchEngineSuite.java:112)
]]>
    </failure>
  </testcase> <!-- testMailLogin -->
</testsuite> <!-- tse.testCases.TestMailLoginTestCase -->
